d:\src\ninengine\x64\debug\vc141.pdb
d:\src\ninengine\x64\debug\vc141.idb
d:\src\ninengine\x64\debug\adapterreader.obj
d:\src\ninengine\x64\debug\engine.obj
d:\src\ninengine\x64\debug\errorlogger.obj
d:\src\ninengine\x64\debug\graphics.obj
d:\src\ninengine\x64\debug\keyboardclass.obj
d:\src\ninengine\x64\debug\keyboardevent.obj
d:\src\ninengine\x64\debug\main.obj
d:\src\ninengine\x64\debug\mouseclass.obj
d:\src\ninengine\x64\debug\mouseevent.obj
d:\src\ninengine\x64\debug\renderwindow.obj
d:\src\ninengine\x64\debug\shaders.obj
d:\src\ninengine\x64\debug\stringconverter.obj
d:\src\ninengine\x64\debug\windowcontainer.obj
d:\src\ninengine\x64\debug\pixelshader.cso
d:\src\ninengine\x64\debug\vertexshader.cso
d:\src\ninengine\x64\debug\ninengine.ilk
d:\src\ninengine\x64\debug\ninengine.exe
d:\src\ninengine\x64\debug\ninengine.pdb
d:\src\ninengine\x64\debug\ninengine.tlog\cl.command.1.tlog
d:\src\ninengine\x64\debug\ninengine.tlog\cl.read.1.tlog
d:\src\ninengine\x64\debug\ninengine.tlog\cl.write.1.tlog
d:\src\ninengine\x64\debug\ninengine.tlog\fxc.command.1.tlog
d:\src\ninengine\x64\debug\ninengine.tlog\fxc.read.1.tlog
d:\src\ninengine\x64\debug\ninengine.tlog\fxc.write.1.tlog
d:\src\ninengine\x64\debug\ninengine.tlog\link.command.1.tlog
d:\src\ninengine\x64\debug\ninengine.tlog\link.read.1.tlog
d:\src\ninengine\x64\debug\ninengine.tlog\link.write.1.tlog
d:\src\ninengine\x64\debug\ninengine.tlog\ninengine.write.1u.tlog
